#
# There is insufficient memory for the Java Runtime Environment to continue.
# Native memory allocation (mmap) failed to map 132120576 bytes for committing reserved memory.
# Possible reasons:
#   The system is out of physical RAM or swap space
#   In 32 bit mode, the process size limit was hit
# Possible solutions:
#   Reduce memory load on the system
#   Increase physical memory or swap space
#   Check if swap backing store is full
#   Use 64 bit Java on a 64 bit OS
#   Decrease Java heap size (-Xmx/-Xms)
#   Decrease number of Java threads
#   Decrease Java thread stack sizes (-Xss)
#   Set larger code cache with -XX:ReservedCodeCacheSize=
# This output file may be truncated or incomplete.
#
#  Out of Memory Error (os_linux.cpp:2627), pid=18079, tid=140191494547200
#
# JRE version: Java(TM) SE Runtime Environment (8.0_66-b17) (build 1.8.0_66-b17)
# Java VM: Java HotSpot(TM) 64-Bit Server VM (25.66-b17 mixed mode linux-amd64 compressed oops)
# Failed to write core dump. Core dumps have been disabled. To enable core dumping, try "ulimit -c unlimited" before starting Java again
#

---------------  T H R E A D  ---------------

Current thread (0x00007f80dc079000):  VMThread [stack: 0x00007f80e02ba000,0x00007f80e03bb000] [id=18089]

Stack: [0x00007f80e02ba000,0x00007f80e03bb000],  sp=0x00007f80e03b91a0,  free space=1020k
Native frames: (J=compiled Java code, j=interpreted, Vv=VM code, C=native code)
V  [libjvm.so+0xab9a1a]  VMError::report_and_die()+0x2ba
V  [libjvm.so+0x4f9e0b]  report_vm_out_of_memory(char const*, int, unsigned long, VMErrorType, char const*)+0x8b
V  [libjvm.so+0x91a8a3]  os::Linux::commit_memory_impl(char*, unsigned long, bool)+0x103
V  [libjvm.so+0x91adf9]  os::pd_commit_memory(char*, unsigned long, unsigned long, bool)+0x29
V  [libjvm.so+0x91510a]  os::commit_memory(char*, unsigned long, unsigned long, bool)+0x2a
V  [libjvm.so+0x9887a3]  PSVirtualSpace::expand_by(unsigned long)+0x53
V  [libjvm.so+0x989ba8]  PSYoungGen::resize_generation(unsigned long, unsigned long)+0xf8
V  [libjvm.so+0x988d02]  PSYoungGen::resize(unsigned long, unsigned long)+0x22
V  [libjvm.so+0x985fdb]  PSScavenge::invoke_no_policy()+0xf3b
V  [libjvm.so+0x986761]  PSScavenge::invoke()+0x41
V  [libjvm.so+0x93e500]  ParallelScavengeHeap::failed_mem_allocate(unsigned long)+0x70
V  [libjvm.so+0xabb437]  VM_ParallelGCFailedAllocation::doit()+0x97
V  [libjvm.so+0xac2e65]  VM_Operation::evaluate()+0x55
V  [libjvm.so+0xac123a]  VMThread::evaluate_operation(VM_Operation*)+0xba
V  [libjvm.so+0xac15be]  VMThread::loop()+0x1ce
V  [libjvm.so+0xac1a30]  VMThread::run()+0x70
V  [libjvm.so+0x91cc68]  java_start(Thread*)+0x108

VM_Operation (0x00007f80e5a640f0): ParallelGCFailedAllocation, mode: safepoint, requested by thread 0x00007f80dc00a800


---------------  P R O C E S S  ---------------

Java Threads: ( => current thread )
  0x00007f80dc0ca800 JavaThread "Service Thread" daemon [_thread_blocked, id=18096, stack(0x00007f80cc2e8000,0x00007f80cc3e9000)]
  0x00007f80dc0bd800 JavaThread "C1 CompilerThread2" daemon [_thread_blocked, id=18095, stack(0x00007f80cc3e9000,0x00007f80cc4ea000)]
  0x00007f80dc0bb800 JavaThread "C2 CompilerThread1" daemon [_thread_blocked, id=18094, stack(0x00007f80cc4ea000,0x00007f80cc5eb000)]
  0x00007f80dc0b8800 JavaThread "C2 CompilerThread0" daemon [_thread_in_native, id=18093, stack(0x00007f80cc5eb000,0x00007f80cc6ec000)]
  0x00007f80dc0b7000 JavaThread "Signal Dispatcher" daemon [_thread_blocked, id=18092, stack(0x00007f80cc6ec000,0x00007f80cc7ed000)]
  0x00007f80dc080000 JavaThread "Finalizer" daemon [_thread_blocked, id=18091, stack(0x00007f80e00b8000,0x00007f80e01b9000)]
  0x00007f80dc07e000 JavaThread "Reference Handler" daemon [_thread_blocked, id=18090, stack(0x00007f80e01b9000,0x00007f80e02ba000)]
  0x00007f80dc00a800 JavaThread "main" [_thread_blocked, id=18084, stack(0x00007f80e5965000,0x00007f80e5a66000)]

Other Threads:
=>0x00007f80dc079000 VMThread [stack: 0x00007f80e02ba000,0x00007f80e03bb000] [id=18089]
  0x00007f80dc0cd800 WatcherThread [stack: 0x00007f80cc1e7000,0x00007f80cc2e8000] [id=18097]

VM state:at safepoint (normal execution)

VM Mutex/Monitor currently owned by a thread:  ([mutex/lock_event])
[0x00007f80dc0070f0] Threads_lock - owner thread: 0x00007f80dc079000
[0x00007f80dc0075f0] Heap_lock - owner thread: 0x00007f80dc00a800

Heap:
 PSYoungGen      total 99840K, used 3580K [0x00000000eab00000, 0x00000000f1000000, 0x0000000100000000)
  eden space 96256K, 0% used [0x00000000eab00000,0x00000000eab00000,0x00000000f0900000)
  from space 3584K, 99% used [0x00000000f0900000,0x00000000f0c7f248,0x00000000f0c80000)
  to   space 3584K, 0% used [0x00000000f0c80000,0x00000000f0c80000,0x00000000f1000000)
 ParOldGen       total 62976K, used 37375K [0x00000000c0000000, 0x00000000c3d80000, 0x00000000eab00000)
  object space 62976K, 59% used [0x00000000c0000000,0x00000000c247fcb0,0x00000000c3d80000)
 Metaspace       used 7405K, capacity 7896K, committed 8064K, reserved 1056768K
  class space    used 734K, capacity 784K, committed 896K, reserved 1048576K

Card table byte_map: [0x00007f80e2525000,0x00007f80e2726000] byte_map_base: 0x00007f80e1f25000

Marking Bits: (ParMarkBitMap*) 0x00007f80e4e37020
 Begin Bits: [0x00007f80bb000000, 0x00007f80bc000000)
 End Bits:   [0x00007f80bc000000, 0x00007f80bd000000)

Polling page: 0x00007f80e5a84000

CodeCache: size=245760Kb used=6537Kb max_used=6546Kb free=239222Kb
 bounds [0x00007f80cd000000, 0x00007f80cd670000, 0x00007f80dc000000]
 total_blobs=2537 nmethods=2239 adapters=211
 compilation: enabled

Compilation events (10 events):
Event: 3,658 Thread 0x00007f80dc0bd800 2319       3       com.android.dx.merge.IndexMap::adjust (20 bytes)
Event: 3,659 Thread 0x00007f80dc0bd800 nmethod 2319 0x00007f80cd663150 code [0x00007f80cd6632e0, 0x00007f80cd663768]
Event: 3,659 Thread 0x00007f80dc0bd800 2320       3       com.android.dx.merge.IndexMap::adjust (60 bytes)
Event: 3,661 Thread 0x00007f80dc0bd800 nmethod 2320 0x00007f80cd667b50 code [0x00007f80cd667d20, 0x00007f80cd668b08]
Event: 3,661 Thread 0x00007f80dc0bd800 2318       3       com.android.dex.EncodedValueReader::readFloat (27 bytes)
Event: 3,661 Thread 0x00007f80dc0bd800 nmethod 2318 0x00007f80cd668f90 code [0x00007f80cd669100, 0x00007f80cd6692f8]
Event: 3,679 Thread 0x00007f80dc0bb800 nmethod 2310 0x00007f80cd66c690 code [0x00007f80cd66c820, 0x00007f80cd66cf18]
Event: 3,679 Thread 0x00007f80dc0bb800 2314       4       com.android.dx.merge.IndexMap$EncodedValueTransformer::transformAnnotation (68 bytes)
Event: 3,695 Thread 0x00007f80dc0bd800 2324 %     3       com.android.dx.io.instructions.ShortArrayCodeOutput::write @ 8 (33 bytes)
Event: 3,696 Thread 0x00007f80dc0bd800 nmethod 2324% 0x00007f80cd66b850 code [0x00007f80cd66ba00, 0x00007f80cd66c270]

GC Heap History (9 events):
Event: 0,936 GC heap before
{Heap before GC invocations=1 (full 0):
 PSYoungGen      total 27648K, used 24064K [0x00000000eab00000, 0x00000000ec980000, 0x0000000100000000)
  eden space 24064K, 100% used [0x00000000eab00000,0x00000000ec280000,0x00000000ec280000)
  from space 3584K, 0% used [0x00000000ec600000,0x00000000ec600000,0x00000000ec980000)
  to   space 3584K, 0% used [0x00000000ec280000,0x00000000ec280000,0x00000000ec600000)
 ParOldGen       total 62976K, used 0K [0x00000000c0000000, 0x00000000c3d80000, 0x00000000eab00000)
  object space 62976K, 0% used [0x00000000c0000000,0x00000000c0000000,0x00000000c3d80000)
 Metaspace       used 5434K, capacity 6704K, committed 6784K, reserved 1056768K
  class space    used 562K, capacity 616K, committed 640K, reserved 1048576K
Event: 0,961 GC heap after
Heap after GC invocations=1 (full 0):
 PSYoungGen      total 27648K, used 3553K [0x00000000eab00000, 0x00000000ee100000, 0x0000000100000000)
  eden space 24064K, 0% used [0x00000000eab00000,0x00000000eab00000,0x00000000ec280000)
  from space 3584K, 99% used [0x00000000ec280000,0x00000000ec5f8528,0x00000000ec600000)
  to   space 3584K, 0% used [0x00000000edd80000,0x00000000edd80000,0x00000000ee100000)
 ParOldGen       total 62976K, used 2120K [0x00000000c0000000, 0x00000000c3d80000, 0x00000000eab00000)
  object space 62976K, 3% used [0x00000000c0000000,0x00000000c02123e0,0x00000000c3d80000)
 Metaspace       used 5434K, capacity 6704K, committed 6784K, reserved 1056768K
  class space    used 562K, capacity 616K, committed 640K, reserved 1048576K
}
Event: 1,774 GC heap before
{Heap before GC invocations=2 (full 0):
 PSYoungGen      total 27648K, used 27287K [0x00000000eab00000, 0x00000000ee100000, 0x0000000100000000)
  eden space 24064K, 98% used [0x00000000eab00000,0x00000000ec22d7f0,0x00000000ec280000)
  from space 3584K, 99% used [0x00000000ec280000,0x00000000ec5f8528,0x00000000ec600000)
  to   space 3584K, 0% used [0x00000000edd80000,0x00000000edd80000,0x00000000ee100000)
 ParOldGen       total 62976K, used 2120K [0x00000000c0000000, 0x00000000c3d80000, 0x00000000eab00000)
  object space 62976K, 3% used [0x00000000c0000000,0x00000000c02123e0,0x00000000c3d80000)
 Metaspace       used 5696K, capacity 6832K, committed 7040K, reserved 1056768K
  class space    used 579K, capacity 616K, committed 640K, reserved 1048576K
Event: 1,789 GC heap after
Heap after GC invocations=2 (full 0):
 PSYoungGen      total 51712K, used 3558K [0x00000000eab00000, 0x00000000ee100000, 0x0000000100000000)
  eden space 48128K, 0% used [0x00000000eab00000,0x00000000eab00000,0x00000000eda00000)
  from space 3584K, 99% used [0x00000000edd80000,0x00000000ee0f9810,0x00000000ee100000)
  to   space 3584K, 0% used [0x00000000eda00000,0x00000000eda00000,0x00000000edd80000)
 ParOldGen       total 62976K, used 7576K [0x00000000c0000000, 0x00000000c3d80000, 0x00000000eab00000)
  object space 62976K, 12% used [0x00000000c0000000,0x00000000c0766080,0x00000000c3d80000)
 Metaspace       used 5696K, capacity 6832K, committed 7040K, reserved 1056768K
  class space    used 579K, capacity 616K, committed 640K, reserved 1048576K
}
Event: 3,002 GC heap before
{Heap before GC invocations=3 (full 0):
 PSYoungGen      total 51712K, used 51686K [0x00000000eab00000, 0x00000000ee100000, 0x0000000100000000)
  eden space 48128K, 100% used [0x00000000eab00000,0x00000000eda00000,0x00000000eda00000)
  from space 3584K, 99% used [0x00000000edd80000,0x00000000ee0f9810,0x00000000ee100000)
  to   space 3584K, 0% used [0x00000000eda00000,0x00000000eda00000,0x00000000edd80000)
 ParOldGen       total 62976K, used 7576K [0x00000000c0000000, 0x00000000c3d80000, 0x00000000eab00000)
  object space 62976K, 12% used [0x00000000c0000000,0x00000000c0766080,0x00000000c3d80000)
 Metaspace       used 7368K, capacity 7896K, committed 8064K, reserved 1056768K
  class space    used 733K, capacity 784K, committed 896K, reserved 1048576K
Event: 3,017 GC heap after
Heap after GC invocations=3 (full 0):
 PSYoungGen      total 51712K, used 3565K [0x00000000eab00000, 0x00000000f1000000, 0x0000000100000000)
  eden space 48128K, 0% used [0x00000000eab00000,0x00000000eab00000,0x00000000eda00000)
  from space 3584K, 99% used [0x00000000eda00000,0x00000000edd7b670,0x00000000edd80000)
  to   space 3584K, 0% used [0x00000000f0c80000,0x00000000f0c80000,0x00000000f1000000)
 ParOldGen       total 62976K, used 11438K [0x00000000c0000000, 0x00000000c3d80000, 0x00000000eab00000)
  object space 62976K, 18% used [0x00000000c0000000,0x00000000c0b2bb48,0x00000000c3d80000)
 Metaspace       used 7368K, capacity 7896K, committed 8064K, reserved 1056768K
  class space    used 733K, capacity 784K, committed 896K, reserved 1048576K
}
Event: 3,219 GC heap before
{Heap before GC invocations=4 (full 0):
 PSYoungGen      total 51712K, used 51693K [0x00000000eab00000, 0x00000000f1000000, 0x0000000100000000)
  eden space 48128K, 100% used [0x00000000eab00000,0x00000000eda00000,0x00000000eda00000)
  from space 3584K, 99% used [0x00000000eda00000,0x00000000edd7b670,0x00000000edd80000)
  to   space 3584K, 0% used [0x00000000f0c80000,0x00000000f0c80000,0x00000000f1000000)
 ParOldGen       total 62976K, used 11438K [0x00000000c0000000, 0x00000000c3d80000, 0x00000000eab00000)
  object space 62976K, 18% used [0x00000000c0000000,0x00000000c0b2bb48,0x00000000c3d80000)
 Metaspace       used 7385K, capacity 7896K, committed 8064K, reserved 1056768K
  class space    used 734K, capacity 784K, committed 896K, reserved 1048576K
Event: 3,234 GC heap after
Heap after GC invocations=4 (full 0):
 PSYoungGen      total 99840K, used 3574K [0x00000000eab00000, 0x00000000f1000000, 0x0000000100000000)
  eden space 96256K, 0% used [0x00000000eab00000,0x00000000eab00000,0x00000000f0900000)
  from space 3584K, 99% used [0x00000000f0c80000,0x00000000f0ffd900,0x00000000f1000000)
  to   space 3584K, 0% used [0x00000000f0900000,0x00000000f0900000,0x00000000f0c80000)
 ParOldGen       total 62976K, used 23568K [0x00000000c0000000, 0x00000000c3d80000, 0x00000000eab00000)
  object space 62976K, 37% used [0x00000000c0000000,0x00000000c1704348,0x00000000c3d80000)
 Metaspace       used 7385K, capacity 7896K, committed 8064K, reserved 1056768K
  class space    used 734K, capacity 784K, committed 896K, reserved 1048576K
}
Event: 3,700 GC heap before
{Heap before GC invocations=5 (full 0):
 PSYoungGen      total 99840K, used 99830K [0x00000000eab00000, 0x00000000f1000000, 0x0000000100000000)
  eden space 96256K, 100% used [0x00000000eab00000,0x00000000f0900000,0x00000000f0900000)
  from space 3584K, 99% used [0x00000000f0c80000,0x00000000f0ffd900,0x00000000f1000000)
  to   space 3584K, 0% used [0x00000000f0900000,0x00000000f0900000,0x00000000f0c80000)
 ParOldGen       total 62976K, used 23568K [0x00000000c0000000, 0x00000000c3d80000, 0x00000000eab00000)
  object space 62976K, 37% used [0x00000000c0000000,0x00000000c1704348,0x00000000c3d80000)
 Metaspace       used 7405K, capacity 7896K, committed 8064K, reserved 1056768K
  class space    used 734K, capacity 784K, committed 896K, reserved 1048576K

Deoptimization events (10 events):
Event: 2,930 Thread 0x00007f80dc00a800 Uncommon trap: reason=unstable_if action=reinterpret pc=0x00007f80cd490168 method=com.android.dex.Mutf8.decode(Lcom/android/dex/util/ByteInput;[C)Ljava/lang/String; @ 37
Event: 2,930 Thread 0x00007f80dc00a800 Uncommon trap: reason=unstable_if action=reinterpret pc=0x00007f80cd5be564 method=com.android.dex.Mutf8.countBytes(Ljava/lang/String;Z)J @ 35
Event: 2,930 Thread 0x00007f80dc00a800 Uncommon trap: reason=unstable_if action=reinterpret pc=0x00007f80cd49ed9c method=com.android.dex.Mutf8.encode([BILjava/lang/String;)V @ 31
Event: 2,998 Thread 0x00007f80dc00a800 Uncommon trap: reason=unstable_if action=reinterpret pc=0x00007f80cd5c28ac method=com.android.dex.Mutf8.countBytes(Ljava/lang/String;Z)J @ 35
Event: 3,082 Thread 0x00007f80dc00a800 Uncommon trap: reason=unstable_if action=reinterpret pc=0x00007f80cd496558 method=com.android.dex.Mutf8.countBytes(Ljava/lang/String;Z)J @ 35
Event: 3,370 Thread 0x00007f80dc00a800 Uncommon trap: reason=unstable_if action=reinterpret pc=0x00007f80cd5e88c8 method=com.android.dex.Mutf8.countBytes(Ljava/lang/String;Z)J @ 28
Event: 3,370 Thread 0x00007f80dc00a800 Uncommon trap: reason=unstable_if action=reinterpret pc=0x00007f80cd5dc980 method=com.android.dex.Mutf8.encode([BILjava/lang/String;)V @ 24
Event: 3,641 Thread 0x00007f80dc00a800 Uncommon trap: reason=unstable_if action=reinterpret pc=0x00007f80cd65fa50 method=java.util.HashMap.resize()[Ljava/util/HashMap$Node; @ 206
Event: 3,642 Thread 0x00007f80dc00a800 Uncommon trap: reason=unstable_if action=reinterpret pc=0x00007f80cd61813c method=java.util.HashMap.resize()[Ljava/util/HashMap$Node; @ 206
Event: 3,643 Thread 0x00007f80dc00a800 Uncommon trap: reason=unstable_if action=reinterpret pc=0x00007f80cd5c8944 method=java.util.HashMap.resize()[Ljava/util/HashMap$Node; @ 206

Internal exceptions (4 events):
Event: 0,069 Thread 0x00007f80dc00a800 Exception <a 'java/lang/NoSuchMethodError': Method sun.misc.Unsafe.defineClass(Ljava/lang/String;[BII)Ljava/lang/Class; name or signature does not match> (0x00000000eab12a60) thrown at [/HUDSON/workspace/8-2-build-linux-amd64/jdk8u66/4988/hotspot/src/shar
Event: 0,070 Thread 0x00007f80dc00a800 Exception <a 'java/lang/NoSuchMethodError': Method sun.misc.Unsafe.prefetchRead(Ljava/lang/Object;J)V name or signature does not match> (0x00000000eab12d48) thrown at [/HUDSON/workspace/8-2-build-linux-amd64/jdk8u66/4988/hotspot/src/share/vm/prims/jni.cpp
Event: 1,012 Thread 0x00007f80dc17f800 Implicit null exception at 0x00007f80cd28248e to 0x00007f80cd284ab1
Event: 1,026 Thread 0x00007f80dc179000 Implicit null exception at 0x00007f80cd2a22e9 to 0x00007f80cd2a4d39

Events (10 events):
Event: 3,641 Thread 0x00007f80dc00a800 Uncommon trap: trap_request=0xffffff65 fr.pc=0x00007f80cd65fa50
Event: 3,641 Thread 0x00007f80dc00a800 DEOPT PACKING pc=0x00007f80cd65fa50 sp=0x00007f80e5a64310
Event: 3,641 Thread 0x00007f80dc00a800 DEOPT UNPACKING pc=0x00007f80cd005229 sp=0x00007f80e5a64298 mode 2
Event: 3,642 Thread 0x00007f80dc00a800 Uncommon trap: trap_request=0xffffff65 fr.pc=0x00007f80cd61813c
Event: 3,642 Thread 0x00007f80dc00a800 DEOPT PACKING pc=0x00007f80cd61813c sp=0x00007f80e5a64300
Event: 3,642 Thread 0x00007f80dc00a800 DEOPT UNPACKING pc=0x00007f80cd005229 sp=0x00007f80e5a64298 mode 2
Event: 3,643 Thread 0x00007f80dc00a800 Uncommon trap: trap_request=0xffffff65 fr.pc=0x00007f80cd5c8944
Event: 3,643 Thread 0x00007f80dc00a800 DEOPT PACKING pc=0x00007f80cd5c8944 sp=0x00007f80e5a64300
Event: 3,643 Thread 0x00007f80dc00a800 DEOPT UNPACKING pc=0x00007f80cd005229 sp=0x00007f80e5a64298 mode 2
Event: 3,700 Executing VM operation: ParallelGCFailedAllocation


Dynamic libraries:
00400000-00401000 r-xp 00000000 08:04 270440                             /usr/lib/jvm/java-8-oracle/bin/java
00600000-00601000 rw-p 00000000 08:04 270440                             /usr/lib/jvm/java-8-oracle/bin/java
01326000-01347000 rw-p 00000000 00:00 0                                  [heap]
c0000000-c3d80000 rw-p 00000000 00:00 0 
c3d80000-eab00000 ---p 00000000 00:00 0 
eab00000-f1000000 rw-p 00000000 00:00 0 
f8e00000-100000000 ---p 00000000 00:00 0 
100000000-1000e0000 rw-p 00000000 00:00 0 
1000e0000-140000000 ---p 00000000 00:00 0 
7f8074000000-7f8074021000 rw-p 00000000 00:00 0 
7f8074021000-7f8078000000 ---p 00000000 00:00 0 
7f807c000000-7f807c021000 rw-p 00000000 00:00 0 
7f807c021000-7f8080000000 ---p 00000000 00:00 0 
7f8080000000-7f8080027000 rw-p 00000000 00:00 0 
7f8080027000-7f8084000000 ---p 00000000 00:00 0 
7f8084000000-7f8084026000 rw-p 00000000 00:00 0 
7f8084026000-7f8088000000 ---p 00000000 00:00 0 
7f8088000000-7f8088021000 rw-p 00000000 00:00 0 
7f8088021000-7f808c000000 ---p 00000000 00:00 0 
7f808c000000-7f808c021000 rw-p 00000000 00:00 0 
7f808c021000-7f8090000000 ---p 00000000 00:00 0 
7f8090000000-7f8090021000 rw-p 00000000 00:00 0 
7f8090021000-7f8094000000 ---p 00000000 00:00 0 
7f8094000000-7f80947cd000 rw-p 00000000 00:00 0 
7f80947cd000-7f8098000000 ---p 00000000 00:00 0 
7f8098000000-7f8098514000 rw-p 00000000 00:00 0 
7f8098514000-7f809c000000 ---p 00000000 00:00 0 
7f809c000000-7f809c021000 rw-p 00000000 00:00 0 
7f809c021000-7f80a0000000 ---p 00000000 00:00 0 
7f80a0000000-7f80a0e68000 rw-p 00000000 00:00 0 
7f80a0e68000-7f80a4000000 ---p 00000000 00:00 0 
7f80a4000000-7f80a4021000 rw-p 00000000 00:00 0 
7f80a4021000-7f80a8000000 ---p 00000000 00:00 0 
7f80a8000000-7f80a8021000 rw-p 00000000 00:00 0 
7f80a8021000-7f80ac000000 ---p 00000000 00:00 0 
7f80ac000000-7f80ac021000 rw-p 00000000 00:00 0 
7f80ac021000-7f80b0000000 ---p 00000000 00:00 0 
7f80b0000000-7f80b028b000 rw-p 00000000 00:00 0 
7f80b028b000-7f80b4000000 ---p 00000000 00:00 0 
7f80b4000000-7f80b4021000 rw-p 00000000 00:00 0 
7f80b4021000-7f80b8000000 ---p 00000000 00:00 0 
7f80bb000000-7f80bd000000 rw-p 00000000 00:00 0 
7f80c0000000-7f80c0021000 rw-p 00000000 00:00 0 
7f80c0021000-7f80c4000000 ---p 00000000 00:00 0 
7f80c7bfc000-7f80c7bff000 ---p 00000000 00:00 0 
7f80c7bff000-7f80c7cfd000 rw-p 00000000 00:00 0 
7f80c7cfd000-7f80c7d00000 ---p 00000000 00:00 0 
7f80c7d00000-7f80c7dfe000 rw-p 00000000 00:00 0 
7f80c7dfe000-7f80c7e01000 ---p 00000000 00:00 0 
7f80c7e01000-7f80c7eff000 rw-p 00000000 00:00 0 
7f80c7eff000-7f80c7f02000 ---p 00000000 00:00 0 
7f80c7f02000-7f80c8000000 rw-p 00000000 00:00 0 
7f80c8000000-7f80c8021000 rw-p 00000000 00:00 0 
7f80c8021000-7f80cc000000 ---p 00000000 00:00 0 
7f80cc0e6000-7f80cc0e9000 ---p 00000000 00:00 0 
7f80cc0e9000-7f80cc1e7000 rw-p 00000000 00:00 0 
7f80cc1e7000-7f80cc1e8000 ---p 00000000 00:00 0 
7f80cc1e8000-7f80cc2e8000 rw-p 00000000 00:00 0                          [stack:18097]
7f80cc2e8000-7f80cc2eb000 ---p 00000000 00:00 0 
7f80cc2eb000-7f80cc3e9000 rw-p 00000000 00:00 0                          [stack:18096]
7f80cc3e9000-7f80cc3ec000 ---p 00000000 00:00 0 
7f80cc3ec000-7f80cc4ea000 rw-p 00000000 00:00 0                          [stack:18095]
7f80cc4ea000-7f80cc4ed000 ---p 00000000 00:00 0 
7f80cc4ed000-7f80cc5eb000 rw-p 00000000 00:00 0                          [stack:18094]
7f80cc5eb000-7f80cc5ee000 ---p 00000000 00:00 0 
7f80cc5ee000-7f80cc6ec000 rw-p 00000000 00:00 0                          [stack:18093]
7f80cc6ec000-7f80cc6ef000 ---p 00000000 00:00 0 
7f80cc6ef000-7f80cc7ed000 rw-p 00000000 00:00 0                          [stack:18092]
7f80cc7ed000-7f80cd000000 r--p 00000000 08:04 792399                     /usr/lib/locale/locale-archive
7f80cd000000-7f80cd670000 rwxp 00000000 00:00 0 
7f80cd670000-7f80dc000000 ---p 00000000 00:00 0 
7f80dc000000-7f80dc393000 rw-p 00000000 00:00 0 
7f80dc393000-7f80e0000000 ---p 00000000 00:00 0 
7f80e00b3000-7f80e00b8000 r--s 00096000 08:04 273616                     /usr/lib/jvm/java-8-oracle/jre/lib/jsse.jar
7f80e00b8000-7f80e00bb000 ---p 00000000 00:00 0 
7f80e00bb000-7f80e01b9000 rw-p 00000000 00:00 0                          [stack:18091]
7f80e01b9000-7f80e01bc000 ---p 00000000 00:00 0 
7f80e01bc000-7f80e02ba000 rw-p 00000000 00:00 0                          [stack:18090]
7f80e02ba000-7f80e02bb000 ---p 00000000 00:00 0 
7f80e02bb000-7f80e137c000 rw-p 00000000 00:00 0                          [stack:18089]
7f80e137c000-7f80e1555000 r--s 03d20000 08:04 273611                     /usr/lib/jvm/java-8-oracle/jre/lib/rt.jar
7f80e1555000-7f80e1ccb000 rw-p 00000000 00:00 0 
7f80e1ccb000-7f80e1dcb000 ---p 00000000 00:00 0 
7f80e1dcb000-7f80e1fcb000 rw-p 00000000 00:00 0 
7f80e1fcb000-7f80e1fcc000 ---p 00000000 00:00 0 
7f80e1fcc000-7f80e20cc000 rw-p 00000000 00:00 0                          [stack:18088]
7f80e20cc000-7f80e20cd000 ---p 00000000 00:00 0 
7f80e20cd000-7f80e21cd000 rw-p 00000000 00:00 0                          [stack:18087]
7f80e21cd000-7f80e21ce000 ---p 00000000 00:00 0 
7f80e21ce000-7f80e22ce000 rw-p 00000000 00:00 0                          [stack:18086]
7f80e22ce000-7f80e22cf000 ---p 00000000 00:00 0 
7f80e22cf000-7f80e23ee000 rw-p 00000000 00:00 0                          [stack:18085]
7f80e23ee000-7f80e2525000 ---p 00000000 00:00 0 
7f80e2525000-7f80e2544000 rw-p 00000000 00:00 0 
7f80e2544000-7f80e267a000 ---p 00000000 00:00 0 
7f80e267a000-7f80e26ad000 rw-p 00000000 00:00 0 
7f80e26ad000-7f80e2725000 ---p 00000000 00:00 0 
7f80e2725000-7f80e2740000 rw-p 00000000 00:00 0 
7f80e2740000-7f80e2ae6000 ---p 00000000 00:00 0 
7f80e2ae6000-7f80e2b00000 r-xp 00000000 08:04 273825                     /usr/lib/jvm/java-8-oracle/jre/lib/amd64/libzip.so
7f80e2b00000-7f80e2d00000 ---p 0001a000 08:04 273825                     /usr/lib/jvm/java-8-oracle/jre/lib/amd64/libzip.so
7f80e2d00000-7f80e2d01000 rw-p 0001a000 08:04 273825                     /usr/lib/jvm/java-8-oracle/jre/lib/amd64/libzip.so
7f80e2d01000-7f80e2d0d000 r-xp 00000000 08:04 1702234                    /lib/x86_64-linux-gnu/libnss_files-2.21.so
7f80e2d0d000-7f80e2f0c000 ---p 0000c000 08:04 1702234                    /lib/x86_64-linux-gnu/libnss_files-2.21.so
7f80e2f0c000-7f80e2f0d000 r--p 0000b000 08:04 1702234                    /lib/x86_64-linux-gnu/libnss_files-2.21.so
7f80e2f0d000-7f80e2f0e000 rw-p 0000c000 08:04 1702234                    /lib/x86_64-linux-gnu/libnss_files-2.21.so
7f80e2f0e000-7f80e2f19000 r-xp 00000000 08:04 1702244                    /lib/x86_64-linux-gnu/libnss_nis-2.21.so
7f80e2f19000-7f80e3118000 ---p 0000b000 08:04 1702244                    /lib/x86_64-linux-gnu/libnss_nis-2.21.so
7f80e3118000-7f80e3119000 r--p 0000a000 08:04 1702244                    /lib/x86_64-linux-gnu/libnss_nis-2.21.so
7f80e3119000-7f80e311a000 rw-p 0000b000 08:04 1702244                    /lib/x86_64-linux-gnu/libnss_nis-2.21.so
7f80e311a000-7f80e3131000 r-xp 00000000 08:04 1702228                    /lib/x86_64-linux-gnu/libnsl-2.21.so
7f80e3131000-7f80e3330000 ---p 00017000 08:04 1702228                    /lib/x86_64-linux-gnu/libnsl-2.21.so
7f80e3330000-7f80e3331000 r--p 00016000 08:04 1702228                    /lib/x86_64-linux-gnu/libnsl-2.21.so
7f80e3331000-7f80e3332000 rw-p 00017000 08:04 1702228                    /lib/x86_64-linux-gnu/libnsl-2.21.so
7f80e3332000-7f80e3334000 rw-p 00000000 00:00 0 
7f80e3334000-7f80e333c000 r-xp 00000000 08:04 1702230                    /lib/x86_64-linux-gnu/libnss_compat-2.21.so
7f80e333c000-7f80e353b000 ---p 00008000 08:04 1702230                    /lib/x86_64-linux-gnu/libnss_compat-2.21.so
7f80e353b000-7f80e353c000 r--p 00007000 08:04 1702230                    /lib/x86_64-linux-gnu/libnss_compat-2.21.so
7f80e353c000-7f80e353d000 rw-p 00008000 08:04 1702230                    /lib/x86_64-linux-gnu/libnss_compat-2.21.so
7f80e353d000-7f80e3567000 r-xp 00000000 08:04 273820                     /usr/lib/jvm/java-8-oracle/jre/lib/amd64/libjava.so
7f80e3567000-7f80e3767000 ---p 0002a000 08:04 273820                     /usr/lib/jvm/java-8-oracle/jre/lib/amd64/libjava.so
7f80e3767000-7f80e3769000 rw-p 0002a000 08:04 273820                     /usr/lib/jvm/java-8-oracle/jre/lib/amd64/libjava.so
7f80e3769000-7f80e3776000 r-xp 00000000 08:04 273824                     /usr/lib/jvm/java-8-oracle/jre/lib/amd64/libverify.so
7f80e3776000-7f80e3976000 ---p 0000d000 08:04 273824                     /usr/lib/jvm/java-8-oracle/jre/lib/amd64/libverify.so
7f80e3976000-7f80e3978000 rw-p 0000d000 08:04 273824                     /usr/lib/jvm/java-8-oracle/jre/lib/amd64/libverify.so
7f80e3978000-7f80e397f000 r-xp 00000000 08:04 1702289                    /lib/x86_64-linux-gnu/librt-2.21.so
7f80e397f000-7f80e3b7e000 ---p 00007000 08:04 1702289                    /lib/x86_64-linux-gnu/librt-2.21.so
7f80e3b7e000-7f80e3b7f000 r--p 00006000 08:04 1702289                    /lib/x86_64-linux-gnu/librt-2.21.so
7f80e3b7f000-7f80e3b80000 rw-p 00007000 08:04 1702289                    /lib/x86_64-linux-gnu/librt-2.21.so
7f80e3b80000-7f80e3c87000 r-xp 00000000 08:04 1702207                    /lib/x86_64-linux-gnu/libm-2.21.so
7f80e3c87000-7f80e3e86000 ---p 00107000 08:04 1702207                    /lib/x86_64-linux-gnu/libm-2.21.so
7f80e3e86000-7f80e3e87000 r--p 00106000 08:04 1702207                    /lib/x86_64-linux-gnu/libm-2.21.so
7f80e3e87000-7f80e3e88000 rw-p 00107000 08:04 1702207                    /lib/x86_64-linux-gnu/libm-2.21.so
7f80e3e88000-7f80e4b46000 r-xp 00000000 08:04 273845                     /usr/lib/jvm/java-8-oracle/jre/lib/amd64/server/libjvm.so
7f80e4b46000-7f80e4d45000 ---p 00cbe000 08:04 273845                     /usr/lib/jvm/java-8-oracle/jre/lib/amd64/server/libjvm.so
7f80e4d45000-7f80e4e1e000 rw-p 00cbd000 08:04 273845                     /usr/lib/jvm/java-8-oracle/jre/lib/amd64/server/libjvm.so
7f80e4e1e000-7f80e4e62000 rw-p 00000000 00:00 0 
7f80e4e62000-7f80e5022000 r-xp 00000000 08:04 1702148                    /lib/x86_64-linux-gnu/libc-2.21.so
7f80e5022000-7f80e5222000 ---p 001c0000 08:04 1702148                    /lib/x86_64-linux-gnu/libc-2.21.so
7f80e5222000-7f80e5226000 r--p 001c0000 08:04 1702148                    /lib/x86_64-linux-gnu/libc-2.21.so
7f80e5226000-7f80e5228000 rw-p 001c4000 08:04 1702148                    /lib/x86_64-linux-gnu/libc-2.21.so
7f80e5228000-7f80e522c000 rw-p 00000000 00:00 0 
7f80e522c000-7f80e522f000 r-xp 00000000 08:04 1702165                    /lib/x86_64-linux-gnu/libdl-2.21.so
7f80e522f000-7f80e542e000 ---p 00003000 08:04 1702165                    /lib/x86_64-linux-gnu/libdl-2.21.so
7f80e542e000-7f80e542f000 r--p 00002000 08:04 1702165                    /lib/x86_64-linux-gnu/libdl-2.21.so
7f80e542f000-7f80e5430000 rw-p 00003000 08:04 1702165                    /lib/x86_64-linux-gnu/libdl-2.21.so
7f80e5430000-7f80e5445000 r-xp 00000000 08:04 273513                     /usr/lib/jvm/java-8-oracle/lib/amd64/jli/libjli.so
7f80e5445000-7f80e5645000 ---p 00015000 08:04 273513                     /usr/lib/jvm/java-8-oracle/lib/amd64/jli/libjli.so
7f80e5645000-7f80e5646000 rw-p 00015000 08:04 273513                     /usr/lib/jvm/java-8-oracle/lib/amd64/jli/libjli.so
7f80e5646000-7f80e565e000 r-xp 00000000 08:04 1702281                    /lib/x86_64-linux-gnu/libpthread-2.21.so
7f80e565e000-7f80e585e000 ---p 00018000 08:04 1702281                    /lib/x86_64-linux-gnu/libpthread-2.21.so
7f80e585e000-7f80e585f000 r--p 00018000 08:04 1702281                    /lib/x86_64-linux-gnu/libpthread-2.21.so
7f80e585f000-7f80e5860000 rw-p 00019000 08:04 1702281                    /lib/x86_64-linux-gnu/libpthread-2.21.so
7f80e5860000-7f80e5864000 rw-p 00000000 00:00 0 
7f80e5864000-7f80e5888000 r-xp 00000000 08:04 1702120                    /lib/x86_64-linux-gnu/ld-2.21.so
7f80e588c000-7f80e5965000 rw-p 00000000 00:00 0 
7f80e5965000-7f80e5968000 ---p 00000000 00:00 0 
7f80e5968000-7f80e5a6a000 rw-p 00000000 00:00 0                          [stack:18084]
7f80e5a6b000-7f80e5a6c000 rw-p 00000000 00:00 0 
7f80e5a6c000-7f80e5a7b000 r--s 000df000 08:04 1135411                    /home/tsetso/android/android-sdk-linux/build-tools/23.0.1/lib/dx.jar
7f80e5a7b000-7f80e5a83000 rw-s 00000000 08:04 523287                     /tmp/hsperfdata_tsetso/18079
7f80e5a83000-7f80e5a84000 rw-p 00000000 00:00 0 
7f80e5a84000-7f80e5a85000 ---p 00000000 00:00 0 
7f80e5a85000-7f80e5a87000 rw-p 00000000 00:00 0 
7f80e5a87000-7f80e5a88000 r--p 00023000 08:04 1702120                    /lib/x86_64-linux-gnu/ld-2.21.so
7f80e5a88000-7f80e5a89000 rw-p 00024000 08:04 1702120                    /lib/x86_64-linux-gnu/ld-2.21.so
7f80e5a89000-7f80e5a8a000 rw-p 00000000 00:00 0 
7fff26d06000-7fff26d28000 rw-p 00000000 00:00 0                          [stack]
7fff26d7b000-7fff26d7d000 r--p 00000000 00:00 0                          [vvar]
7fff26d7d000-7fff26d7f000 r-xp 00000000 00:00 0                          [vdso]
ffffffffff600000-ffffffffff601000 r-xp 00000000 00:00 0                  [vsyscall]

VM Arguments:
jvm_args: -Xmx1024M -Dfile.encoding=UTF-8 -Duser.country=US -Duser.language=en -Duser.variant 
java_command: com.android.dx.command.Main --dex --num-threads=4 --output /home/tsetso/AndroidStudioProjects/RecipesHunter/app/build/intermediates/dex/debug /home/tsetso/AndroidStudioProjects/RecipesHunter/app/build/intermediates/classes/debug /home/tsetso/AndroidStudioProjects/RecipesHunter/app/build/intermediates/pre-dexed/debug/support-annotations-23.1.1-0108385ddeb8ff302530f5457562be3ac485cff5.jar /home/tsetso/AndroidStudioProjects/RecipesHunter/app/build/intermediates/pre-dexed/debug/classes-b651e522358fd1e77980c1d79388685b241a0aaa.jar /home/tsetso/AndroidStudioProjects/RecipesHunter/app/build/intermediates/pre-dexed/debug/classes-fb63478ea8b36136afbfcb19e0182da33971a554.jar /home/tsetso/AndroidStudioProjects/RecipesHunter/app/build/intermediates/pre-dexed/debug/okio-1.6.0-b2bbc1f9aee8a14b66600f23c876c59cff4d63a6.jar /home/tsetso/AndroidStudioProjects/RecipesHunter/app/build/intermediates/pre-dexed/debug/unbescape-1.1.1.RELEASE-ea1f3c31ea65a7eb711bfed4549fed65aa0edf3e.jar /home/tsetso/AndroidStudioProjects/RecipesHunter/app/build/intermediates/pre-dexed/debug/universal-image-loader-1.9.5-1ad1dffab3116e0b1b78dd6f8f74b70be5e55c61.jar /home/tsetso/AndroidStudioProjects/RecipesHunter/app/build/intermediates/pre-dexed/debug/internal_impl-23.1.1-7580d4ad754aad98b6ab3b42426ff31a44dece49.jar /home/tsetso/AndroidStudioProjects/RecipesHunter/app/build/intermediates/pre-dexed/debug/classes-cc9114083ed5538d61670a2e4179ed041f40e438.jar /home/tsetso/AndroidStudioProjects/RecipesHunter/app/build/intermediates/pre-dexed/debug/classes-3270cb725e3e24172afabcbc886a40819d1a97da.jar /home/tsetso/AndroidStudioProjects/RecipesHunter/app/build/intermediates/pre-dexed/debug/okhttp-2.6.0-50cd4d65e21c943a3e3a6fb319ed61aaaa3e73e8.jar /home/tsetso/AndroidStudioProjects/RecipesHunter/app/build/intermediates/pre-dexed/debug/classes-04ec6aba0280fc01b7db8ec04d176f3fc46f2290.jar /home/tsetso/AndroidStudioProjects/RecipesHunter/app/build/intermediates/pre-dexed/debug/classes-8352c4659b55f261009
java_class_path (initial): /home/tsetso/android/android-sdk-linux/build-tools/23.0.1/lib/dx.jar
Launcher Type: SUN_STANDARD

Environment Variables:
JAVA_HOME=/usr/lib/jvm/java-8-oracle
PATH=/usr/local/sbin:/usr/local/bin:/usr/sbin:/usr/bin:/sbin:/bin:/usr/games:/usr/local/games:~/android/android-sdk-linux/tools:~/android/android-sdk-linux/platform-tools:/usr/lib/jvm/java-8-oracle/bin:/usr/lib/jvm/java-8-oracle/db/bin:/usr/lib/jvm/java-8-oracle/jre/bin:/home/tsetso/tools/gradle-2.3/bin
SHELL=/bin/bash
DISPLAY=:0

Signal Handlers:
SIGSEGV: [libjvm.so+0xaba2a0], sa_mask[0]=11111111011111111101111111111110, sa_flags=SA_RESTART|SA_SIGINFO
SIGBUS: [libjvm.so+0xaba2a0], sa_mask[0]=11111111011111111101111111111110, sa_flags=SA_RESTART|SA_SIGINFO
SIGFPE: [libjvm.so+0x917710], sa_mask[0]=11111111011111111101111111111110, sa_flags=SA_RESTART|SA_SIGINFO
SIGPIPE: [libjvm.so+0x917710], sa_mask[0]=11111111011111111101111111111110, sa_flags=SA_RESTART|SA_SIGINFO
SIGXFSZ: [libjvm.so+0x917710], sa_mask[0]=11111111011111111101111111111110, sa_flags=SA_RESTART|SA_SIGINFO
SIGILL: [libjvm.so+0x917710], sa_mask[0]=11111111011111111101111111111110, sa_flags=SA_RESTART|SA_SIGINFO
SIGUSR1: SIG_DFL, sa_mask[0]=00000000000000000000000000000000, sa_flags=none
SIGUSR2: [libjvm.so+0x918d40], sa_mask[0]=00100000000000000000000000000000, sa_flags=SA_RESTART|SA_SIGINFO
SIGHUP: [libjvm.so+0x91a140], sa_mask[0]=11111111011111111101111111111110, sa_flags=SA_RESTART|SA_SIGINFO
SIGINT: [libjvm.so+0x91a140], sa_mask[0]=11111111011111111101111111111110, sa_flags=SA_RESTART|SA_SIGINFO
SIGTERM: [libjvm.so+0x91a140], sa_mask[0]=11111111011111111101111111111110, sa_flags=SA_RESTART|SA_SIGINFO
SIGQUIT: [libjvm.so+0x91a140], sa_mask[0]=11111111011111111101111111111110, sa_flags=SA_RESTART|SA_SIGINFO


---------------  S Y S T E M  ---------------

OS:DISTRIB_ID=Ubuntu
DISTRIB_RELEASE=15.04
DISTRIB_CODENAME=vivid
DISTRIB_DESCRIPTION="Ubuntu 15.04"

uname:Linux 3.19.0-18-generic #18-Ubuntu SMP Tue May 19 18:31:35 UTC 2015 x86_64
libc:glibc 2.21 NPTL 2.21 
rlimit: STACK 8192k, CORE 0k, NPROC 23414, NOFILE 65536, AS infinity
load average:0,95 0,71 0,82

/proc/meminfo:
MemTotal:        6016292 kB
MemFree:          117136 kB
MemAvailable:      87276 kB
Buffers:            3152 kB
Cached:           566768 kB
SwapCached:            0 kB
Active:          4400920 kB
Inactive:         486536 kB
Active(anon):    4363744 kB
Inactive(anon):   451376 kB
Active(file):      37176 kB
Inactive(file):    35160 kB
Unevictable:          32 kB
Mlocked:              32 kB
SwapTotal:             0 kB
SwapFree:              0 kB
Dirty:              9804 kB
Writeback:             0 kB
AnonPages:       4317536 kB
Mapped:          1078984 kB
Shmem:            497540 kB
Slab:              79912 kB
SReclaimable:      36880 kB
SUnreclaim:        43032 kB
KernelStack:       11088 kB
PageTables:        40872 kB
NFS_Unstable:          0 kB
Bounce:                0 kB
WritebackTmp:          0 kB
CommitLimit:     3008144 kB
Committed_AS:    9386548 kB
VmallocTotal:   34359738367 kB
VmallocUsed:      380000 kB
VmallocChunk:   34359353880 kB
HardwareCorrupted:     0 kB
AnonHugePages:   2334720 kB
CmaTotal:              0 kB
CmaFree:               0 kB
HugePages_Total:       0
HugePages_Free:        0
HugePages_Rsvd:        0
HugePages_Surp:        0
Hugepagesize:       2048 kB
DirectMap4k:      593472 kB
DirectMap2M:     5603328 kB


CPU:total 4 (2 cores per cpu, 2 threads per core) family 6 model 42 stepping 7, cmov, cx8, fxsr, mmx, sse, sse2, sse3, ssse3, sse4.1, sse4.2, popcnt, avx, clmul, ht, tsc, tscinvbit

/proc/cpuinfo:
processor	: 0
vendor_id	: GenuineIntel
cpu family	: 6
model		: 42
model name	: Intel(R) Core(TM) i3-2310M CPU @ 2.10GHz
stepping	: 7
microcode	: 0x29
cpu MHz		: 2099.917
cache size	: 3072 KB
physical id	: 0
siblings	: 4
core id		: 0
cpu cores	: 2
apicid		: 0
initial apicid	: 0
fpu		: yes
fpu_exception	: yes
cpuid level	: 13
wp		: yes
flags		: fpu vme de pse tsc msr pae mce cx8 apic sep mtrr pge mca cmov pat pse36 clflush dts acpi mmx fxsr sse sse2 ss ht tm pbe syscall nx rdtscp lm constant_tsc arch_perfmon pebs bts rep_good nopl xtopology nonstop_tsc aperfmperf eagerfpu pni pclmulqdq dtes64 monitor ds_cpl vmx est tm2 ssse3 cx16 xtpr pdcm pcid sse4_1 sse4_2 x2apic popcnt tsc_deadline_timer xsave avx lahf_lm arat epb pln pts dtherm tpr_shadow vnmi flexpriority ept vpid xsaveopt
bugs		:
bogomips	: 4190.35
clflush size	: 64
cache_alignment	: 64
address sizes	: 36 bits physical, 48 bits virtual
power management:

processor	: 1
vendor_id	: GenuineIntel
cpu family	: 6
model		: 42
model name	: Intel(R) Core(TM) i3-2310M CPU @ 2.10GHz
stepping	: 7
microcode	: 0x29
cpu MHz		: 2099.917
cache size	: 3072 KB
physical id	: 0
siblings	: 4
core id		: 1
cpu cores	: 2
apicid		: 2
initial apicid	: 2
fpu		: yes
fpu_exception	: yes
cpuid level	: 13
wp		: yes
flags		: fpu vme de pse tsc msr pae mce cx8 apic sep mtrr pge mca cmov pat pse36 clflush dts acpi mmx fxsr sse sse2 ss ht tm pbe syscall nx rdtscp lm constant_tsc arch_perfmon pebs bts rep_good nopl xtopology nonstop_tsc aperfmperf eagerfpu pni pclmulqdq dtes64 monitor ds_cpl vmx est tm2 ssse3 cx16 xtpr pdcm pcid sse4_1 sse4_2 x2apic popcnt tsc_deadline_timer xsave avx lahf_lm arat epb pln pts dtherm tpr_shadow vnmi flexpriority ept vpid xsaveopt
bugs		:
bogomips	: 4190.35
clflush size	: 64
cache_alignment	: 64
address sizes	: 36 bits physical, 48 bits virtual
power management:

processor	: 2
vendor_id	: GenuineIntel
cpu family	: 6
model		: 42
model name	: Intel(R) Core(TM) i3-2310M CPU @ 2.10GHz
stepping	: 7
microcode	: 0x29
cpu MHz		: 2099.917
cache size	: 3072 KB
physical id	: 0
siblings	: 4
core id		: 0
cpu cores	: 2
apicid		: 1
initial apicid	: 1
fpu		: yes
fpu_exception	: yes
cpuid level	: 13
wp		: yes
flags		: fpu vme de pse tsc msr pae mce cx8 apic sep mtrr pge mca cmov pat pse36 clflush dts acpi mmx fxsr sse sse2 ss ht tm pbe syscall nx rdtscp lm constant_tsc arch_perfmon pebs bts rep_good nopl xtopology nonstop_tsc aperfmperf eagerfpu pni pclmulqdq dtes64 monitor ds_cpl vmx est tm2 ssse3 cx16 xtpr pdcm pcid sse4_1 sse4_2 x2apic popcnt tsc_deadline_timer xsave avx lahf_lm arat epb pln pts dtherm tpr_shadow vnmi flexpriority ept vpid xsaveopt
bugs		:
bogomips	: 4190.35
clflush size	: 64
cache_alignment	: 64
address sizes	: 36 bits physical, 48 bits virtual
power management:

processor	: 3
vendor_id	: GenuineIntel
cpu family	: 6
model		: 42
model name	: Intel(R) Core(TM) i3-2310M CPU @ 2.10GHz
stepping	: 7
microcode	: 0x29
cpu MHz		: 2100.000
cache size	: 3072 KB
physical id	: 0
siblings	: 4
core id		: 1
cpu cores	: 2
apicid		: 3
initial apicid	: 3
fpu		: yes
fpu_exception	: yes
cpuid level	: 13
wp		: yes
flags		: fpu vme de pse tsc msr pae mce cx8 apic sep mtrr pge mca cmov pat pse36 clflush dts acpi mmx fxsr sse sse2 ss ht tm pbe syscall nx rdtscp lm constant_tsc arch_perfmon pebs bts rep_good nopl xtopology nonstop_tsc aperfmperf eagerfpu pni pclmulqdq dtes64 monitor ds_cpl vmx est tm2 ssse3 cx16 xtpr pdcm pcid sse4_1 sse4_2 x2apic popcnt tsc_deadline_timer xsave avx lahf_lm arat epb pln pts dtherm tpr_shadow vnmi flexpriority ept vpid xsaveopt
bugs		:
bogomips	: 4190.35
clflush size	: 64
cache_alignment	: 64
address sizes	: 36 bits physical, 48 bits virtual
power management:



Memory: 4k page, physical 6016292k(117136k free), swap 0k(0k free)

vm_info: Java HotSpot(TM) 64-Bit Server VM (25.66-b17) for linux-amd64 JRE (1.8.0_66-b17), built on Oct  6 2015 17:28:34 by "java_re" with gcc 4.3.0 20080428 (Red Hat 4.3.0-8)

time: Sat Dec 19 20:27:48 2015
elapsed time: 3 seconds (0d 0h 0m 3s)

